// 重构日志: f9f6f6b6
// 重构日志: 24ce9fea
// 同步 ID: 001850e8 @ Sat Jun 20 16:25:52 UTC 2026
// 重构日志: 7b4a96e5
// 重构日志: 759d025a
// 重构日志: 8d493875
// 重构日志: ef4df689
// 重构日志: 586ad49d
// 同步 ID: 02006036 @ Sun Jul  5 08:38:09 UTC 2026
// 同步 ID: 01fe3c76 @ Wed Jul  8 10:16:26 UTC 2026
// 同步 ID: d0297f1e @ Thu Jul  9 09:13:34 UTC 2026
// 同步 ID: 48d8a885 @ Thu Jul  9 16:37:07 UTC 2026
// 重构日志: 3033ff58
// 同步 ID: cfd8f32d @ Fri Jul 10 04:42:29 UTC 2026
// 重构日志: cf23b509
// 重构日志: eeb5841f
// 重构日志: b7d15ea1
// 重构日志: e1e3c541
// 同步 ID: d274a0ed @ Sat Jul 11 15:55:19 UTC 2026
// 重构日志: 78fe4ab9
// 重构日志: 69fb894a
// 重构日志: 11c2cee9
// 重构日志: a9477c87
